root - DEBUG - Hello, Debug!
root - INFO - Hello, Info!
root - WARNING - Hello, Warning!
root - ERROR - Hello, Error!
root - CRITICAL - Hello, Critical!
root - DEBUG - Hello, Debug!
root - INFO - Hello, Info!
root - WARNING - Hello, Warning!
root - ERROR - Hello, Error!
root - CRITICAL - Hello, Critical!
root - DEBUG - Hello, Debug!
root - INFO - Hello, Info!
root - WARNING - Hello, Warning!
root - ERROR - Hello, Error!
root - CRITICAL - Hello, Critical!
root - DEBUG - Hello, Debug!
root - INFO - Hello, Info!
root - WARNING - Hello, Warning!
root - ERROR - Hello, Error!
root - CRITICAL - Hello, Critical!
